2023-01-14 16:59:50,134 INFO o.a.j.u.JMeterUtils: Setting Locale to en_EN
2023-01-14 16:59:50,156 INFO o.a.j.JMeter: Loading user properties from: /nix/store/zya17dr5xryyp02zbbhy4v0x7g5x68pw-jmeter-5.5/bin/user.properties
2023-01-14 16:59:50,156 INFO o.a.j.JMeter: Loading system properties from: /nix/store/zya17dr5xryyp02zbbhy4v0x7g5x68pw-jmeter-5.5/bin/system.properties
2023-01-14 16:59:50,156 INFO o.a.j.JMeter: Setting JMeter property: ghostIp=35.228.187.22
2023-01-14 16:59:50,156 INFO o.a.j.JMeter: Setting JMeter property: ghostPort=80
2023-01-14 16:59:50,157 INFO o.a.j.JMeter: Setting JMeter property: threadCount=100
2023-01-14 16:59:50,162 INFO o.a.j.JMeter: Copyright (c) 1998-2022 The Apache Software Foundation
2023-01-14 16:59:50,162 INFO o.a.j.JMeter: Version 5.5
2023-01-14 16:59:50,162 INFO o.a.j.JMeter: java.version=17.0.4
2023-01-14 16:59:50,162 INFO o.a.j.JMeter: java.vm.name=OpenJDK 64-Bit Server VM
2023-01-14 16:59:50,162 INFO o.a.j.JMeter: os.name=Linux
2023-01-14 16:59:50,163 INFO o.a.j.JMeter: os.arch=amd64
2023-01-14 16:59:50,163 INFO o.a.j.JMeter: os.version=5.15.82
2023-01-14 16:59:50,163 INFO o.a.j.JMeter: file.encoding=UTF-8
2023-01-14 16:59:50,163 INFO o.a.j.JMeter: java.awt.headless=true
2023-01-14 16:59:50,163 INFO o.a.j.JMeter: Max memory     =1073741824
2023-01-14 16:59:50,163 INFO o.a.j.JMeter: Available Processors =4
2023-01-14 16:59:50,172 INFO o.a.j.JMeter: Default Locale=English (EN)
2023-01-14 16:59:50,172 INFO o.a.j.JMeter: JMeter  Locale=English (EN)
2023-01-14 16:59:50,173 INFO o.a.j.JMeter: JMeterHome=/nix/store/zya17dr5xryyp02zbbhy4v0x7g5x68pw-jmeter-5.5
2023-01-14 16:59:50,173 INFO o.a.j.JMeter: user.dir  =/home/pta2002/Projects/trabalho-ascn
2023-01-14 16:59:50,173 INFO o.a.j.JMeter: PWD       =/home/pta2002/Projects/trabalho-ascn
2023-01-14 16:59:50,174 INFO o.a.j.JMeter: IP: 127.0.0.2 Name: hydrogen FullName: hydrogen
2023-01-14 16:59:50,184 INFO o.a.j.s.FileServer: Default base='/home/pta2002/Projects/trabalho-ascn'
2023-01-14 16:59:50,184 INFO o.a.j.s.FileServer: Set new base='/home/pta2002/Projects/trabalho-ascn/jmeter'
2023-01-14 16:59:50,317 INFO o.a.j.s.SaveService: Testplan (JMX) version: 2.2. Testlog (JTL) version: 2.2
2023-01-14 16:59:50,339 INFO o.a.j.s.SaveService: Using SaveService properties version 5.0
2023-01-14 16:59:50,342 INFO o.a.j.s.SaveService: Using SaveService properties file encoding UTF-8
2023-01-14 16:59:50,344 INFO o.a.j.s.SaveService: Loading file: jmeter/test.jmx
2023-01-14 16:59:50,385 INFO o.a.j.p.h.s.HTTPSamplerBase: Parser for text/html is org.apache.jmeter.protocol.http.parser.LagartoBasedHtmlParser
2023-01-14 16:59:50,385 INFO o.a.j.p.h.s.HTTPSamplerBase: Parser for application/xhtml+xml is org.apache.jmeter.protocol.http.parser.LagartoBasedHtmlParser
2023-01-14 16:59:50,385 INFO o.a.j.p.h.s.HTTPSamplerBase: Parser for application/xml is org.apache.jmeter.protocol.http.parser.LagartoBasedHtmlParser
2023-01-14 16:59:50,385 INFO o.a.j.p.h.s.HTTPSamplerBase: Parser for text/xml is org.apache.jmeter.protocol.http.parser.LagartoBasedHtmlParser
2023-01-14 16:59:50,385 INFO o.a.j.p.h.s.HTTPSamplerBase: Parser for text/vnd.wap.wml is org.apache.jmeter.protocol.http.parser.RegexpHTMLParser
2023-01-14 16:59:50,386 INFO o.a.j.p.h.s.HTTPSamplerBase: Parser for text/css is org.apache.jmeter.protocol.http.parser.CssParser
2023-01-14 16:59:50,404 INFO o.a.j.JMeter: Creating summariser <summary>
2023-01-14 16:59:50,414 INFO o.a.j.e.StandardJMeterEngine: Running the test!
2023-01-14 16:59:50,415 INFO o.a.j.s.SampleEvent: List of sample_variables: []
2023-01-14 16:59:50,415 INFO o.a.j.s.SampleEvent: List of sample_variables: []
2023-01-14 16:59:50,419 INFO o.a.j.e.u.CompoundVariable: Note: Function class names must contain the string: '.functions.'
2023-01-14 16:59:50,419 INFO o.a.j.e.u.CompoundVariable: Note: Function class names must not contain the string: '.gui.'
2023-01-14 16:59:50,467 INFO o.a.j.JMeter: Running test (1673715590467)
2023-01-14 16:59:50,482 INFO o.a.j.e.StandardJMeterEngine: Starting ThreadGroup: 1 : Thread Group
2023-01-14 16:59:50,482 INFO o.a.j.e.StandardJMeterEngine: Starting 100 threads for group Thread Group.
2023-01-14 16:59:50,483 INFO o.a.j.e.StandardJMeterEngine: Thread will continue on error
2023-01-14 16:59:50,483 INFO o.a.j.t.ThreadGroup: Starting thread group... number=1 threads=100 ramp-up=1 delayedStart=false
2023-01-14 16:59:50,491 INFO o.a.j.t.JMeterThread: Thread started: Thread Group 1-1
2023-01-14 16:59:50,499 INFO o.a.j.t.JMeterThread: Thread started: Thread Group 1-2
2023-01-14 16:59:50,506 INFO o.a.j.t.JMeterThread: Thread started: Thread Group 1-3
2023-01-14 16:59:50,517 INFO o.a.j.t.JMeterThread: Thread started: Thread Group 1-4
2023-01-14 16:59:50,524 INFO o.a.j.t.JMeterThread: Thread started: Thread Group 1-5
2023-01-14 16:59:50,535 INFO o.a.j.t.JMeterThread: Thread started: Thread Group 1-6
2023-01-14 16:59:50,545 INFO o.a.j.t.JMeterThread: Thread started: Thread Group 1-7
2023-01-14 16:59:50,548 INFO o.a.j.t.ThreadGroup: Started thread group number 1
2023-01-14 16:59:50,548 INFO o.a.j.e.StandardJMeterEngine: All thread groups have been started
2023-01-14 16:59:50,555 INFO o.a.j.t.JMeterThread: Thread started: Thread Group 1-8
2023-01-14 16:59:50,563 INFO o.a.j.t.JMeterThread: Thread started: Thread Group 1-9
2023-01-14 16:59:50,573 INFO o.a.j.t.JMeterThread: Thread started: Thread Group 1-10
2023-01-14 16:59:50,584 INFO o.a.j.t.JMeterThread: Thread started: Thread Group 1-11
2023-01-14 16:59:50,594 INFO o.a.j.t.JMeterThread: Thread started: Thread Group 1-12
2023-01-14 16:59:50,604 INFO o.a.j.t.JMeterThread: Thread started: Thread Group 1-13
2023-01-14 16:59:50,615 INFO o.a.j.t.JMeterThread: Thread started: Thread Group 1-14
2023-01-14 16:59:50,625 INFO o.a.j.t.JMeterThread: Thread started: Thread Group 1-15
2023-01-14 16:59:50,634 INFO o.a.j.t.JMeterThread: Thread started: Thread Group 1-16
2023-01-14 16:59:50,644 INFO o.a.j.t.JMeterThread: Thread started: Thread Group 1-17
2023-01-14 16:59:50,654 INFO o.a.j.t.JMeterThread: Thread started: Thread Group 1-18
2023-01-14 16:59:50,663 INFO o.a.j.t.JMeterThread: Thread started: Thread Group 1-19
2023-01-14 16:59:50,673 INFO o.a.j.t.JMeterThread: Thread started: Thread Group 1-20
2023-01-14 16:59:50,684 INFO o.a.j.t.JMeterThread: Thread started: Thread Group 1-21
2023-01-14 16:59:50,694 INFO o.a.j.t.JMeterThread: Thread started: Thread Group 1-22
2023-01-14 16:59:50,704 INFO o.a.j.t.JMeterThread: Thread started: Thread Group 1-23
2023-01-14 16:59:50,713 INFO o.a.j.t.JMeterThread: Thread started: Thread Group 1-24
2023-01-14 16:59:50,723 INFO o.a.j.t.JMeterThread: Thread started: Thread Group 1-25
2023-01-14 16:59:50,733 INFO o.a.j.t.JMeterThread: Thread started: Thread Group 1-26
2023-01-14 16:59:50,744 INFO o.a.j.t.JMeterThread: Thread started: Thread Group 1-27
2023-01-14 16:59:50,754 INFO o.a.j.t.JMeterThread: Thread started: Thread Group 1-28
2023-01-14 16:59:50,763 INFO o.a.j.t.JMeterThread: Thread started: Thread Group 1-29
2023-01-14 16:59:50,778 INFO o.a.j.t.JMeterThread: Thread started: Thread Group 1-30
2023-01-14 16:59:50,783 INFO o.a.j.t.JMeterThread: Thread started: Thread Group 1-31
2023-01-14 16:59:50,796 INFO o.a.j.t.JMeterThread: Thread started: Thread Group 1-32
2023-01-14 16:59:50,804 INFO o.a.j.p.h.s.HTTPHCAbstractImpl: Local host = hydrogen
2023-01-14 16:59:50,804 INFO o.a.j.t.JMeterThread: Thread started: Thread Group 1-33
2023-01-14 16:59:50,809 INFO o.a.j.p.h.s.HTTPHC4Impl: HTTP request retry count = 0
2023-01-14 16:59:50,810 INFO o.a.j.s.SampleResult: Note: Sample TimeStamps are START times
2023-01-14 16:59:50,810 INFO o.a.j.s.SampleResult: sampleresult.default.encoding is set to ISO-8859-1
2023-01-14 16:59:50,810 INFO o.a.j.s.SampleResult: sampleresult.useNanoTime=true
2023-01-14 16:59:50,811 INFO o.a.j.s.SampleResult: sampleresult.nanoThreadSleep=5000
2023-01-14 16:59:50,814 INFO o.a.j.t.JMeterThread: Thread started: Thread Group 1-34
2023-01-14 16:59:50,823 INFO o.a.j.t.JMeterThread: Thread started: Thread Group 1-35
2023-01-14 16:59:50,834 INFO o.a.j.t.JMeterThread: Thread started: Thread Group 1-36
2023-01-14 16:59:50,844 INFO o.a.j.t.JMeterThread: Thread started: Thread Group 1-37
2023-01-14 16:59:50,853 INFO o.a.j.t.JMeterThread: Thread started: Thread Group 1-38
2023-01-14 16:59:50,863 INFO o.a.j.t.JMeterThread: Thread started: Thread Group 1-39
2023-01-14 16:59:50,875 INFO o.a.j.t.JMeterThread: Thread started: Thread Group 1-40
2023-01-14 16:59:50,890 INFO o.a.j.t.JMeterThread: Thread started: Thread Group 1-41
2023-01-14 16:59:50,894 INFO o.a.j.t.JMeterThread: Thread started: Thread Group 1-42
2023-01-14 16:59:50,903 INFO o.a.j.t.JMeterThread: Thread started: Thread Group 1-43
2023-01-14 16:59:50,914 INFO o.a.j.t.JMeterThread: Thread started: Thread Group 1-44
2023-01-14 16:59:50,923 INFO o.a.j.t.JMeterThread: Thread started: Thread Group 1-45
2023-01-14 16:59:50,933 INFO o.a.j.t.JMeterThread: Thread started: Thread Group 1-46
2023-01-14 16:59:50,943 INFO o.a.j.t.JMeterThread: Thread started: Thread Group 1-47
2023-01-14 16:59:50,954 INFO o.a.j.t.JMeterThread: Thread started: Thread Group 1-48
2023-01-14 16:59:50,964 INFO o.a.j.t.JMeterThread: Thread started: Thread Group 1-49
2023-01-14 16:59:50,973 INFO o.a.j.t.JMeterThread: Thread started: Thread Group 1-50
2023-01-14 16:59:50,983 INFO o.a.j.t.JMeterThread: Thread started: Thread Group 1-51
2023-01-14 16:59:50,993 INFO o.a.j.t.JMeterThread: Thread started: Thread Group 1-52
2023-01-14 16:59:51,003 INFO o.a.j.t.JMeterThread: Thread started: Thread Group 1-53
2023-01-14 16:59:51,014 INFO o.a.j.t.JMeterThread: Thread started: Thread Group 1-54
2023-01-14 16:59:51,024 INFO o.a.j.t.JMeterThread: Thread started: Thread Group 1-55
2023-01-14 16:59:51,034 INFO o.a.j.t.JMeterThread: Thread started: Thread Group 1-56
2023-01-14 16:59:51,043 INFO o.a.j.t.JMeterThread: Thread started: Thread Group 1-57
2023-01-14 16:59:51,053 INFO o.a.j.t.JMeterThread: Thread started: Thread Group 1-58
2023-01-14 16:59:51,065 INFO o.a.j.t.JMeterThread: Thread started: Thread Group 1-59
2023-01-14 16:59:51,075 INFO o.a.j.t.JMeterThread: Thread started: Thread Group 1-60
2023-01-14 16:59:51,085 INFO o.a.j.t.JMeterThread: Thread started: Thread Group 1-61
2023-01-14 16:59:51,093 INFO o.a.j.t.JMeterThread: Thread started: Thread Group 1-62
2023-01-14 16:59:51,103 INFO o.a.j.t.JMeterThread: Thread started: Thread Group 1-63
2023-01-14 16:59:51,114 INFO o.a.j.t.JMeterThread: Thread started: Thread Group 1-64
2023-01-14 16:59:51,124 INFO o.a.j.t.JMeterThread: Thread started: Thread Group 1-65
2023-01-14 16:59:51,133 INFO o.a.j.t.JMeterThread: Thread started: Thread Group 1-66
2023-01-14 16:59:51,143 INFO o.a.j.t.JMeterThread: Thread started: Thread Group 1-67
2023-01-14 16:59:51,153 INFO o.a.j.t.JMeterThread: Thread started: Thread Group 1-68
2023-01-14 16:59:51,163 INFO o.a.j.t.JMeterThread: Thread started: Thread Group 1-69
2023-01-14 16:59:51,175 INFO o.a.j.t.JMeterThread: Thread started: Thread Group 1-70
2023-01-14 16:59:51,184 INFO o.a.j.t.JMeterThread: Thread started: Thread Group 1-71
2023-01-14 16:59:51,194 INFO o.a.j.t.JMeterThread: Thread started: Thread Group 1-72
2023-01-14 16:59:51,203 INFO o.a.j.t.JMeterThread: Thread started: Thread Group 1-73
2023-01-14 16:59:51,214 INFO o.a.j.t.JMeterThread: Thread started: Thread Group 1-74
2023-01-14 16:59:51,223 INFO o.a.j.t.JMeterThread: Thread started: Thread Group 1-75
2023-01-14 16:59:51,233 INFO o.a.j.t.JMeterThread: Thread started: Thread Group 1-76
2023-01-14 16:59:51,243 INFO o.a.j.t.JMeterThread: Thread started: Thread Group 1-77
2023-01-14 16:59:51,257 INFO o.a.j.t.JMeterThread: Thread started: Thread Group 1-78
2023-01-14 16:59:51,263 INFO o.a.j.t.JMeterThread: Thread started: Thread Group 1-79
2023-01-14 16:59:51,275 INFO o.a.j.t.JMeterThread: Thread started: Thread Group 1-80
2023-01-14 16:59:51,284 INFO o.a.j.t.JMeterThread: Thread started: Thread Group 1-81
2023-01-14 16:59:51,294 INFO o.a.j.t.JMeterThread: Thread started: Thread Group 1-82
2023-01-14 16:59:51,312 INFO o.a.j.t.JMeterThread: Thread started: Thread Group 1-83
2023-01-14 16:59:51,316 INFO o.a.j.t.JMeterThread: Thread started: Thread Group 1-84
2023-01-14 16:59:51,324 INFO o.a.j.t.JMeterThread: Thread started: Thread Group 1-85
2023-01-14 16:59:51,333 INFO o.a.j.t.JMeterThread: Thread started: Thread Group 1-86
2023-01-14 16:59:51,343 INFO o.a.j.t.JMeterThread: Thread started: Thread Group 1-87
2023-01-14 16:59:51,354 INFO o.a.j.t.JMeterThread: Thread started: Thread Group 1-88
2023-01-14 16:59:51,364 INFO o.a.j.t.JMeterThread: Thread started: Thread Group 1-89
2023-01-14 16:59:51,373 INFO o.a.j.t.JMeterThread: Thread started: Thread Group 1-90
2023-01-14 16:59:51,383 INFO o.a.j.t.JMeterThread: Thread started: Thread Group 1-91
2023-01-14 16:59:51,393 INFO o.a.j.t.JMeterThread: Thread started: Thread Group 1-92
2023-01-14 16:59:51,406 INFO o.a.j.t.JMeterThread: Thread started: Thread Group 1-93
2023-01-14 16:59:51,414 INFO o.a.j.t.JMeterThread: Thread started: Thread Group 1-94
2023-01-14 16:59:51,423 INFO o.a.j.t.JMeterThread: Thread started: Thread Group 1-95
2023-01-14 16:59:51,434 INFO o.a.j.t.JMeterThread: Thread started: Thread Group 1-96
2023-01-14 16:59:51,444 INFO o.a.j.t.JMeterThread: Thread started: Thread Group 1-97
2023-01-14 16:59:51,454 INFO o.a.j.t.JMeterThread: Thread started: Thread Group 1-98
2023-01-14 16:59:51,465 INFO o.a.j.t.JMeterThread: Thread started: Thread Group 1-99
2023-01-14 16:59:51,476 INFO o.a.j.t.JMeterThread: Thread started: Thread Group 1-100
2023-01-14 17:00:00,006 INFO o.a.j.r.Summariser: summary +    421 in 00:00:10 =   44.1/s Avg:  1609 Min:   330 Max:  2030 Err:     0 (0.00%) Active: 100 Started: 100 Finished: 0
2023-01-14 17:00:30,009 INFO o.a.j.r.Summariser: summary +   1610 in 00:00:30 =   53.7/s Avg:  1569 Min:  1268 Max:  1893 Err:     0 (0.00%) Active: 100 Started: 100 Finished: 0
2023-01-14 17:00:30,009 INFO o.a.j.r.Summariser: summary =   2031 in 00:00:40 =   51.4/s Avg:  1577 Min:   330 Max:  2030 Err:     0 (0.00%)
2023-01-14 17:01:00,071 INFO o.a.j.r.Summariser: summary +    507 in 00:00:30 =   16.9/s Avg:  4735 Min:  1376 Max: 10439 Err:     0 (0.00%) Active: 100 Started: 100 Finished: 0
2023-01-14 17:01:00,072 INFO o.a.j.r.Summariser: summary =   2538 in 00:01:10 =   36.5/s Avg:  2208 Min:   330 Max: 10439 Err:     0 (0.00%)
2023-01-14 17:01:30,343 INFO o.a.j.r.Summariser: summary +    346 in 00:00:30 =   11.4/s Avg:  8532 Min:  7208 Max: 10659 Err:     0 (0.00%) Active: 100 Started: 100 Finished: 0
2023-01-14 17:01:30,344 INFO o.a.j.r.Summariser: summary =   2884 in 00:01:40 =   28.9/s Avg:  2967 Min:   330 Max: 10659 Err:     0 (0.00%)
2023-01-14 17:02:00,106 INFO o.a.j.r.Summariser: summary +    341 in 00:00:30 =   11.5/s Avg:  8543 Min:  7932 Max:  9707 Err:     0 (0.00%) Active: 100 Started: 100 Finished: 0
2023-01-14 17:02:00,106 INFO o.a.j.r.Summariser: summary =   3225 in 00:02:10 =   24.9/s Avg:  3556 Min:   330 Max: 10659 Err:     0 (0.00%)
2023-01-14 17:02:30,312 INFO o.a.j.r.Summariser: summary +    331 in 00:00:30 =   11.0/s Avg:  8898 Min:  7730 Max: 10210 Err:     0 (0.00%) Active: 100 Started: 100 Finished: 0
2023-01-14 17:02:30,312 INFO o.a.j.r.Summariser: summary =   3556 in 00:02:40 =   22.2/s Avg:  4053 Min:   330 Max: 10659 Err:     0 (0.00%)
2023-01-14 17:03:00,110 INFO o.a.j.r.Summariser: summary +    328 in 00:00:30 =   11.0/s Avg:  8815 Min:  7702 Max: 10445 Err:     0 (0.00%) Active: 100 Started: 100 Finished: 0
2023-01-14 17:03:00,110 INFO o.a.j.r.Summariser: summary =   3884 in 00:03:10 =   20.5/s Avg:  4456 Min:   330 Max: 10659 Err:     0 (0.00%)
2023-01-14 17:03:30,343 INFO o.a.j.r.Summariser: summary +    334 in 00:00:30 =   11.0/s Avg:  8629 Min:  7190 Max: 10418 Err:     0 (0.00%) Active: 100 Started: 100 Finished: 0
2023-01-14 17:03:30,343 INFO o.a.j.r.Summariser: summary =   4218 in 00:03:40 =   19.2/s Avg:  4786 Min:   330 Max: 10659 Err:     0 (0.00%)
2023-01-14 17:04:00,075 INFO o.a.j.r.Summariser: summary +    322 in 00:00:30 =   10.8/s Avg:  9067 Min:  7712 Max: 10184 Err:     0 (0.00%) Active: 100 Started: 100 Finished: 0
2023-01-14 17:04:00,076 INFO o.a.j.r.Summariser: summary =   4540 in 00:04:10 =   18.2/s Avg:  5090 Min:   330 Max: 10659 Err:     0 (0.00%)
2023-01-14 17:04:30,069 INFO o.a.j.r.Summariser: summary +    336 in 00:00:30 =   11.2/s Avg:  8765 Min:  7472 Max: 11179 Err:     0 (0.00%) Active: 100 Started: 100 Finished: 0
2023-01-14 17:04:30,069 INFO o.a.j.r.Summariser: summary =   4876 in 00:04:40 =   17.4/s Avg:  5343 Min:   330 Max: 11179 Err:     0 (0.00%)
2023-01-14 17:05:00,083 INFO o.a.j.r.Summariser: summary +    331 in 00:00:30 =   11.0/s Avg:  8687 Min:  7236 Max:  9724 Err:     0 (0.00%) Active: 100 Started: 100 Finished: 0
2023-01-14 17:05:00,083 INFO o.a.j.r.Summariser: summary =   5207 in 00:05:10 =   16.8/s Avg:  5555 Min:   330 Max: 11179 Err:     0 (0.00%)
2023-01-14 17:05:30,079 INFO o.a.j.r.Summariser: summary +    330 in 00:00:30 =   11.0/s Avg:  8746 Min:  7461 Max: 10712 Err:     0 (0.00%) Active: 100 Started: 100 Finished: 0
2023-01-14 17:05:30,079 INFO o.a.j.r.Summariser: summary =   5537 in 00:05:40 =   16.3/s Avg:  5746 Min:   330 Max: 11179 Err:     0 (0.00%)
2023-01-14 17:06:00,064 INFO o.a.j.r.Summariser: summary +    339 in 00:00:30 =   11.3/s Avg:  8571 Min:  7446 Max:  9940 Err:     0 (0.00%) Active: 100 Started: 100 Finished: 0
2023-01-14 17:06:00,065 INFO o.a.j.r.Summariser: summary =   5876 in 00:06:10 =   15.9/s Avg:  5909 Min:   330 Max: 11179 Err:     0 (0.00%)
2023-01-14 17:06:30,068 INFO o.a.j.r.Summariser: summary +    332 in 00:00:30 =   11.1/s Avg:  8778 Min:  7475 Max: 10466 Err:     0 (0.00%) Active: 100 Started: 100 Finished: 0
2023-01-14 17:06:30,069 INFO o.a.j.r.Summariser: summary =   6208 in 00:06:40 =   15.5/s Avg:  6062 Min:   330 Max: 11179 Err:     0 (0.00%)
2023-01-14 17:07:00,075 INFO o.a.j.r.Summariser: summary +    340 in 00:00:30 =   11.3/s Avg:  8492 Min:  7429 Max:  9950 Err:     0 (0.00%) Active: 100 Started: 100 Finished: 0
2023-01-14 17:07:00,075 INFO o.a.j.r.Summariser: summary =   6548 in 00:07:10 =   15.2/s Avg:  6188 Min:   330 Max: 11179 Err:     0 (0.00%)
2023-01-14 17:07:30,079 INFO o.a.j.r.Summariser: summary +    329 in 00:00:30 =   11.0/s Avg:  8519 Min:  7462 Max: 10481 Err:     0 (0.00%) Active: 100 Started: 100 Finished: 0
2023-01-14 17:07:30,079 INFO o.a.j.r.Summariser: summary =   6877 in 00:07:40 =   15.0/s Avg:  6300 Min:   330 Max: 11179 Err:     0 (0.00%)
2023-01-14 17:08:00,117 INFO o.a.j.r.Summariser: summary +    338 in 00:00:30 =   11.3/s Avg:  8638 Min:  7164 Max: 10425 Err:     0 (0.00%) Active: 100 Started: 100 Finished: 0
2023-01-14 17:08:00,117 INFO o.a.j.r.Summariser: summary =   7215 in 00:08:10 =   14.7/s Avg:  6409 Min:   330 Max: 11179 Err:     0 (0.00%)
2023-01-14 17:08:30,370 INFO o.a.j.r.Summariser: summary +    332 in 00:00:30 =   11.0/s Avg:  8781 Min:  7703 Max:  9970 Err:     0 (0.00%) Active: 100 Started: 100 Finished: 0
2023-01-14 17:08:30,370 INFO o.a.j.r.Summariser: summary =   7547 in 00:08:40 =   14.5/s Avg:  6514 Min:   330 Max: 11179 Err:     0 (0.00%)
2023-01-14 17:09:00,082 INFO o.a.j.r.Summariser: summary +    328 in 00:00:30 =   11.0/s Avg:  8994 Min:  7446 Max: 10441 Err:     0 (0.00%) Active: 100 Started: 100 Finished: 0
2023-01-14 17:09:00,082 INFO o.a.j.r.Summariser: summary =   7875 in 00:09:10 =   14.3/s Avg:  6617 Min:   330 Max: 11179 Err:     0 (0.00%)
2023-01-14 17:09:30,097 INFO o.a.j.r.Summariser: summary +    337 in 00:00:30 =   11.2/s Avg:  8659 Min:  7189 Max: 10441 Err:     0 (0.00%) Active: 100 Started: 100 Finished: 0
2023-01-14 17:09:30,098 INFO o.a.j.r.Summariser: summary =   8212 in 00:09:40 =   14.2/s Avg:  6701 Min:   330 Max: 11179 Err:     0 (0.00%)
2023-01-14 17:10:00,097 INFO o.a.j.r.Summariser: summary +    339 in 00:00:30 =   11.3/s Avg:  8389 Min:  7440 Max:  9948 Err:     0 (0.00%) Active: 100 Started: 100 Finished: 0
2023-01-14 17:10:00,098 INFO o.a.j.r.Summariser: summary =   8551 in 00:10:10 =   14.0/s Avg:  6768 Min:   330 Max: 11179 Err:     0 (0.00%)
2023-01-14 17:10:30,324 INFO o.a.j.r.Summariser: summary +    334 in 00:00:30 =   11.1/s Avg:  8758 Min:  7171 Max: 10471 Err:     0 (0.00%) Active: 100 Started: 100 Finished: 0
2023-01-14 17:10:30,324 INFO o.a.j.r.Summariser: summary =   8885 in 00:10:40 =   13.9/s Avg:  6843 Min:   330 Max: 11179 Err:     0 (0.00%)
2023-01-14 17:11:00,103 INFO o.a.j.r.Summariser: summary +    344 in 00:00:30 =   11.6/s Avg:  8589 Min:  7193 Max: 10196 Err:     0 (0.00%) Active: 100 Started: 100 Finished: 0
2023-01-14 17:11:00,104 INFO o.a.j.r.Summariser: summary =   9229 in 00:11:10 =   13.8/s Avg:  6908 Min:   330 Max: 11179 Err:     0 (0.00%)
2023-01-14 17:11:30,122 INFO o.a.j.r.Summariser: summary +    341 in 00:00:30 =   11.4/s Avg:  8434 Min:  6691 Max: 10241 Err:     0 (0.00%) Active: 100 Started: 100 Finished: 0
2023-01-14 17:11:30,122 INFO o.a.j.r.Summariser: summary =   9570 in 00:11:40 =   13.7/s Avg:  6962 Min:   330 Max: 11179 Err:     0 (0.00%)
2023-01-14 17:11:53,867 INFO o.a.j.t.JMeterThread: Thread is done: Thread Group 1-2
2023-01-14 17:11:53,867 INFO o.a.j.t.JMeterThread: Thread finished: Thread Group 1-2
2023-01-14 17:11:54,865 INFO o.a.j.t.JMeterThread: Thread is done: Thread Group 1-3
2023-01-14 17:11:54,865 INFO o.a.j.t.JMeterThread: Thread finished: Thread Group 1-3
2023-01-14 17:11:55,079 INFO o.a.j.t.JMeterThread: Thread is done: Thread Group 1-1
2023-01-14 17:11:55,079 INFO o.a.j.t.JMeterThread: Thread finished: Thread Group 1-1
2023-01-14 17:11:56,604 INFO o.a.j.t.JMeterThread: Thread is done: Thread Group 1-6
2023-01-14 17:11:56,604 INFO o.a.j.t.JMeterThread: Thread finished: Thread Group 1-6
2023-01-14 17:11:56,618 INFO o.a.j.t.JMeterThread: Thread is done: Thread Group 1-10
2023-01-14 17:11:56,619 INFO o.a.j.t.JMeterThread: Thread finished: Thread Group 1-10
2023-01-14 17:11:56,620 INFO o.a.j.t.JMeterThread: Thread is done: Thread Group 1-4
2023-01-14 17:11:56,620 INFO o.a.j.t.JMeterThread: Thread finished: Thread Group 1-4
2023-01-14 17:11:57,077 INFO o.a.j.t.JMeterThread: Thread is done: Thread Group 1-7
2023-01-14 17:11:57,077 INFO o.a.j.t.JMeterThread: Thread finished: Thread Group 1-7
2023-01-14 17:11:57,093 INFO o.a.j.t.JMeterThread: Thread is done: Thread Group 1-18
2023-01-14 17:11:57,093 INFO o.a.j.t.JMeterThread: Thread finished: Thread Group 1-18
2023-01-14 17:11:57,318 INFO o.a.j.t.JMeterThread: Thread is done: Thread Group 1-15
2023-01-14 17:11:57,318 INFO o.a.j.t.JMeterThread: Thread finished: Thread Group 1-15
2023-01-14 17:11:57,569 INFO o.a.j.t.JMeterThread: Thread is done: Thread Group 1-32
2023-01-14 17:11:57,569 INFO o.a.j.t.JMeterThread: Thread finished: Thread Group 1-32
2023-01-14 17:11:58,339 INFO o.a.j.t.JMeterThread: Thread is done: Thread Group 1-13
2023-01-14 17:11:58,339 INFO o.a.j.t.JMeterThread: Thread finished: Thread Group 1-13
2023-01-14 17:11:58,340 INFO o.a.j.t.JMeterThread: Thread is done: Thread Group 1-26
2023-01-14 17:11:58,340 INFO o.a.j.t.JMeterThread: Thread finished: Thread Group 1-26
2023-01-14 17:11:58,341 INFO o.a.j.t.JMeterThread: Thread is done: Thread Group 1-8
2023-01-14 17:11:58,341 INFO o.a.j.t.JMeterThread: Thread finished: Thread Group 1-8
2023-01-14 17:11:58,367 INFO o.a.j.t.JMeterThread: Thread is done: Thread Group 1-12
2023-01-14 17:11:58,367 INFO o.a.j.t.JMeterThread: Thread finished: Thread Group 1-12
2023-01-14 17:11:58,565 INFO o.a.j.t.JMeterThread: Thread is done: Thread Group 1-9
2023-01-14 17:11:58,565 INFO o.a.j.t.JMeterThread: Thread finished: Thread Group 1-9
2023-01-14 17:11:58,845 INFO o.a.j.t.JMeterThread: Thread is done: Thread Group 1-35
2023-01-14 17:11:58,845 INFO o.a.j.t.JMeterThread: Thread finished: Thread Group 1-35
2023-01-14 17:11:58,846 INFO o.a.j.t.JMeterThread: Thread is done: Thread Group 1-19
2023-01-14 17:11:58,846 INFO o.a.j.t.JMeterThread: Thread finished: Thread Group 1-19
2023-01-14 17:11:58,846 INFO o.a.j.t.JMeterThread: Thread is done: Thread Group 1-25
2023-01-14 17:11:58,846 INFO o.a.j.t.JMeterThread: Thread finished: Thread Group 1-25
2023-01-14 17:11:58,849 INFO o.a.j.t.JMeterThread: Thread is done: Thread Group 1-31
2023-01-14 17:11:58,849 INFO o.a.j.t.JMeterThread: Thread finished: Thread Group 1-31
2023-01-14 17:11:58,849 INFO o.a.j.t.JMeterThread: Thread is done: Thread Group 1-29
2023-01-14 17:11:58,849 INFO o.a.j.t.JMeterThread: Thread finished: Thread Group 1-29
2023-01-14 17:11:58,863 INFO o.a.j.t.JMeterThread: Thread is done: Thread Group 1-20
2023-01-14 17:11:58,863 INFO o.a.j.t.JMeterThread: Thread finished: Thread Group 1-20
2023-01-14 17:11:58,863 INFO o.a.j.t.JMeterThread: Thread is done: Thread Group 1-17
2023-01-14 17:11:58,863 INFO o.a.j.t.JMeterThread: Thread finished: Thread Group 1-17
2023-01-14 17:11:59,313 INFO o.a.j.t.JMeterThread: Thread is done: Thread Group 1-24
2023-01-14 17:11:59,313 INFO o.a.j.t.JMeterThread: Thread finished: Thread Group 1-24
2023-01-14 17:11:59,587 INFO o.a.j.t.JMeterThread: Thread is done: Thread Group 1-34
2023-01-14 17:11:59,587 INFO o.a.j.t.JMeterThread: Thread finished: Thread Group 1-34
2023-01-14 17:11:59,587 INFO o.a.j.t.JMeterThread: Thread is done: Thread Group 1-46
2023-01-14 17:11:59,587 INFO o.a.j.t.JMeterThread: Thread finished: Thread Group 1-46
2023-01-14 17:11:59,587 INFO o.a.j.t.JMeterThread: Thread is done: Thread Group 1-14
2023-01-14 17:11:59,587 INFO o.a.j.t.JMeterThread: Thread finished: Thread Group 1-14
2023-01-14 17:11:59,858 INFO o.a.j.t.JMeterThread: Thread is done: Thread Group 1-22
2023-01-14 17:11:59,859 INFO o.a.j.t.JMeterThread: Thread finished: Thread Group 1-22
2023-01-14 17:11:59,860 INFO o.a.j.t.JMeterThread: Thread is done: Thread Group 1-5
2023-01-14 17:11:59,860 INFO o.a.j.t.JMeterThread: Thread finished: Thread Group 1-5
2023-01-14 17:12:00,074 INFO o.a.j.r.Summariser: summary +    352 in 00:00:30 =   11.8/s Avg:  8276 Min:  6720 Max: 10172 Err:     0 (0.00%) Active: 72 Started: 100 Finished: 28
2023-01-14 17:12:00,074 INFO o.a.j.r.Summariser: summary =   9922 in 00:12:10 =   13.6/s Avg:  7009 Min:   330 Max: 11179 Err:     0 (0.00%)
2023-01-14 17:12:00,074 INFO o.a.j.t.JMeterThread: Thread is done: Thread Group 1-61
2023-01-14 17:12:00,074 INFO o.a.j.t.JMeterThread: Thread finished: Thread Group 1-61
2023-01-14 17:12:00,095 INFO o.a.j.t.JMeterThread: Thread is done: Thread Group 1-30
2023-01-14 17:12:00,095 INFO o.a.j.t.JMeterThread: Thread finished: Thread Group 1-30
2023-01-14 17:12:00,095 INFO o.a.j.t.JMeterThread: Thread is done: Thread Group 1-40
2023-01-14 17:12:00,095 INFO o.a.j.t.JMeterThread: Thread finished: Thread Group 1-40
2023-01-14 17:12:00,098 INFO o.a.j.t.JMeterThread: Thread is done: Thread Group 1-38
2023-01-14 17:12:00,098 INFO o.a.j.t.JMeterThread: Thread finished: Thread Group 1-38
2023-01-14 17:12:00,111 INFO o.a.j.t.JMeterThread: Thread is done: Thread Group 1-36
2023-01-14 17:12:00,111 INFO o.a.j.t.JMeterThread: Thread finished: Thread Group 1-36
2023-01-14 17:12:00,113 INFO o.a.j.t.JMeterThread: Thread is done: Thread Group 1-27
2023-01-14 17:12:00,113 INFO o.a.j.t.JMeterThread: Thread finished: Thread Group 1-27
2023-01-14 17:12:00,359 INFO o.a.j.t.JMeterThread: Thread is done: Thread Group 1-54
2023-01-14 17:12:00,359 INFO o.a.j.t.JMeterThread: Thread finished: Thread Group 1-54
2023-01-14 17:12:00,361 INFO o.a.j.t.JMeterThread: Thread is done: Thread Group 1-33
2023-01-14 17:12:00,361 INFO o.a.j.t.JMeterThread: Thread finished: Thread Group 1-33
2023-01-14 17:12:00,363 INFO o.a.j.t.JMeterThread: Thread is done: Thread Group 1-49
2023-01-14 17:12:00,363 INFO o.a.j.t.JMeterThread: Thread finished: Thread Group 1-49
2023-01-14 17:12:00,572 INFO o.a.j.t.JMeterThread: Thread is done: Thread Group 1-41
2023-01-14 17:12:00,573 INFO o.a.j.t.JMeterThread: Thread finished: Thread Group 1-41
2023-01-14 17:12:00,585 INFO o.a.j.t.JMeterThread: Thread is done: Thread Group 1-16
2023-01-14 17:12:00,585 INFO o.a.j.t.JMeterThread: Thread finished: Thread Group 1-16
2023-01-14 17:12:00,596 INFO o.a.j.t.JMeterThread: Thread is done: Thread Group 1-39
2023-01-14 17:12:00,596 INFO o.a.j.t.JMeterThread: Thread finished: Thread Group 1-39
2023-01-14 17:12:01,108 INFO o.a.j.t.JMeterThread: Thread is done: Thread Group 1-52
2023-01-14 17:12:01,108 INFO o.a.j.t.JMeterThread: Thread finished: Thread Group 1-52
2023-01-14 17:12:01,110 INFO o.a.j.t.JMeterThread: Thread is done: Thread Group 1-58
2023-01-14 17:12:01,110 INFO o.a.j.t.JMeterThread: Thread finished: Thread Group 1-58
2023-01-14 17:12:01,113 INFO o.a.j.t.JMeterThread: Thread is done: Thread Group 1-11
2023-01-14 17:12:01,113 INFO o.a.j.t.JMeterThread: Thread finished: Thread Group 1-11
2023-01-14 17:12:01,359 INFO o.a.j.t.JMeterThread: Thread is done: Thread Group 1-42
2023-01-14 17:12:01,359 INFO o.a.j.t.JMeterThread: Thread finished: Thread Group 1-42
2023-01-14 17:12:01,360 INFO o.a.j.t.JMeterThread: Thread is done: Thread Group 1-37
2023-01-14 17:12:01,360 INFO o.a.j.t.JMeterThread: Thread finished: Thread Group 1-37
2023-01-14 17:12:01,574 INFO o.a.j.t.JMeterThread: Thread is done: Thread Group 1-47
2023-01-14 17:12:01,574 INFO o.a.j.t.JMeterThread: Thread finished: Thread Group 1-47
2023-01-14 17:12:01,612 INFO o.a.j.t.JMeterThread: Thread is done: Thread Group 1-64
2023-01-14 17:12:01,612 INFO o.a.j.t.JMeterThread: Thread finished: Thread Group 1-64
2023-01-14 17:12:01,835 INFO o.a.j.t.JMeterThread: Thread is done: Thread Group 1-76
2023-01-14 17:12:01,836 INFO o.a.j.t.JMeterThread: Thread finished: Thread Group 1-76
2023-01-14 17:12:01,860 INFO o.a.j.t.JMeterThread: Thread is done: Thread Group 1-45
2023-01-14 17:12:01,860 INFO o.a.j.t.JMeterThread: Thread finished: Thread Group 1-45
2023-01-14 17:12:01,862 INFO o.a.j.t.JMeterThread: Thread is done: Thread Group 1-66
2023-01-14 17:12:01,862 INFO o.a.j.t.JMeterThread: Thread finished: Thread Group 1-66
2023-01-14 17:12:01,862 INFO o.a.j.t.JMeterThread: Thread is done: Thread Group 1-23
2023-01-14 17:12:01,862 INFO o.a.j.t.JMeterThread: Thread finished: Thread Group 1-23
2023-01-14 17:12:01,864 INFO o.a.j.t.JMeterThread: Thread is done: Thread Group 1-44
2023-01-14 17:12:01,864 INFO o.a.j.t.JMeterThread: Thread finished: Thread Group 1-44
2023-01-14 17:12:02,068 INFO o.a.j.t.JMeterThread: Thread is done: Thread Group 1-80
2023-01-14 17:12:02,069 INFO o.a.j.t.JMeterThread: Thread finished: Thread Group 1-80
2023-01-14 17:12:02,104 INFO o.a.j.t.JMeterThread: Thread is done: Thread Group 1-73
2023-01-14 17:12:02,104 INFO o.a.j.t.JMeterThread: Thread finished: Thread Group 1-73
2023-01-14 17:12:02,108 INFO o.a.j.t.JMeterThread: Thread is done: Thread Group 1-53
2023-01-14 17:12:02,108 INFO o.a.j.t.JMeterThread: Thread finished: Thread Group 1-53
2023-01-14 17:12:02,358 INFO o.a.j.t.JMeterThread: Thread is done: Thread Group 1-55
2023-01-14 17:12:02,358 INFO o.a.j.t.JMeterThread: Thread finished: Thread Group 1-55
2023-01-14 17:12:02,367 INFO o.a.j.t.JMeterThread: Thread is done: Thread Group 1-48
2023-01-14 17:12:02,367 INFO o.a.j.t.JMeterThread: Thread finished: Thread Group 1-48
2023-01-14 17:12:02,367 INFO o.a.j.t.JMeterThread: Thread is done: Thread Group 1-51
2023-01-14 17:12:02,367 INFO o.a.j.t.JMeterThread: Thread finished: Thread Group 1-51
2023-01-14 17:12:02,590 INFO o.a.j.t.JMeterThread: Thread is done: Thread Group 1-50
2023-01-14 17:12:02,590 INFO o.a.j.t.JMeterThread: Thread finished: Thread Group 1-50
2023-01-14 17:12:02,591 INFO o.a.j.t.JMeterThread: Thread is done: Thread Group 1-77
2023-01-14 17:12:02,591 INFO o.a.j.t.JMeterThread: Thread finished: Thread Group 1-77
2023-01-14 17:12:02,811 INFO o.a.j.t.JMeterThread: Thread is done: Thread Group 1-74
2023-01-14 17:12:02,811 INFO o.a.j.t.JMeterThread: Thread finished: Thread Group 1-74
2023-01-14 17:12:02,814 INFO o.a.j.t.JMeterThread: Thread is done: Thread Group 1-65
2023-01-14 17:12:02,814 INFO o.a.j.t.JMeterThread: Thread is done: Thread Group 1-43
2023-01-14 17:12:02,814 INFO o.a.j.t.JMeterThread: Thread finished: Thread Group 1-43
2023-01-14 17:12:02,814 INFO o.a.j.t.JMeterThread: Thread finished: Thread Group 1-65
2023-01-14 17:12:02,837 INFO o.a.j.t.JMeterThread: Thread is done: Thread Group 1-68
2023-01-14 17:12:02,837 INFO o.a.j.t.JMeterThread: Thread finished: Thread Group 1-68
2023-01-14 17:12:02,847 INFO o.a.j.t.JMeterThread: Thread is done: Thread Group 1-63
2023-01-14 17:12:02,847 INFO o.a.j.t.JMeterThread: Thread finished: Thread Group 1-63
2023-01-14 17:12:02,848 INFO o.a.j.t.JMeterThread: Thread is done: Thread Group 1-93
2023-01-14 17:12:02,848 INFO o.a.j.t.JMeterThread: Thread finished: Thread Group 1-93
2023-01-14 17:12:02,848 INFO o.a.j.t.JMeterThread: Thread is done: Thread Group 1-62
2023-01-14 17:12:02,848 INFO o.a.j.t.JMeterThread: Thread finished: Thread Group 1-62
2023-01-14 17:12:02,849 INFO o.a.j.t.JMeterThread: Thread is done: Thread Group 1-21
2023-01-14 17:12:02,849 INFO o.a.j.t.JMeterThread: Thread finished: Thread Group 1-21
2023-01-14 17:12:03,093 INFO o.a.j.t.JMeterThread: Thread is done: Thread Group 1-75
2023-01-14 17:12:03,093 INFO o.a.j.t.JMeterThread: Thread finished: Thread Group 1-75
2023-01-14 17:12:03,094 INFO o.a.j.t.JMeterThread: Thread is done: Thread Group 1-89
2023-01-14 17:12:03,094 INFO o.a.j.t.JMeterThread: Thread finished: Thread Group 1-89
2023-01-14 17:12:03,094 INFO o.a.j.t.JMeterThread: Thread is done: Thread Group 1-60
2023-01-14 17:12:03,094 INFO o.a.j.t.JMeterThread: Thread finished: Thread Group 1-60
2023-01-14 17:12:03,103 INFO o.a.j.t.JMeterThread: Thread is done: Thread Group 1-28
2023-01-14 17:12:03,103 INFO o.a.j.t.JMeterThread: Thread finished: Thread Group 1-28
2023-01-14 17:12:03,117 INFO o.a.j.t.JMeterThread: Thread is done: Thread Group 1-82
2023-01-14 17:12:03,117 INFO o.a.j.t.JMeterThread: Thread finished: Thread Group 1-82
2023-01-14 17:12:03,328 INFO o.a.j.t.JMeterThread: Thread is done: Thread Group 1-92
2023-01-14 17:12:03,328 INFO o.a.j.t.JMeterThread: Thread finished: Thread Group 1-92
2023-01-14 17:12:03,341 INFO o.a.j.t.JMeterThread: Thread is done: Thread Group 1-57
2023-01-14 17:12:03,341 INFO o.a.j.t.JMeterThread: Thread finished: Thread Group 1-57
2023-01-14 17:12:03,357 INFO o.a.j.t.JMeterThread: Thread is done: Thread Group 1-71
2023-01-14 17:12:03,357 INFO o.a.j.t.JMeterThread: Thread finished: Thread Group 1-71
2023-01-14 17:12:03,584 INFO o.a.j.t.JMeterThread: Thread is done: Thread Group 1-99
2023-01-14 17:12:03,584 INFO o.a.j.t.JMeterThread: Thread is done: Thread Group 1-59
2023-01-14 17:12:03,584 INFO o.a.j.t.JMeterThread: Thread finished: Thread Group 1-99
2023-01-14 17:12:03,584 INFO o.a.j.t.JMeterThread: Thread finished: Thread Group 1-59
2023-01-14 17:12:03,603 INFO o.a.j.t.JMeterThread: Thread is done: Thread Group 1-81
2023-01-14 17:12:03,603 INFO o.a.j.t.JMeterThread: Thread finished: Thread Group 1-81
2023-01-14 17:12:03,607 INFO o.a.j.t.JMeterThread: Thread is done: Thread Group 1-94
2023-01-14 17:12:03,607 INFO o.a.j.t.JMeterThread: Thread finished: Thread Group 1-94
2023-01-14 17:12:03,811 INFO o.a.j.t.JMeterThread: Thread is done: Thread Group 1-72
2023-01-14 17:12:03,811 INFO o.a.j.t.JMeterThread: Thread finished: Thread Group 1-72
2023-01-14 17:12:03,814 INFO o.a.j.t.JMeterThread: Thread is done: Thread Group 1-78
2023-01-14 17:12:03,814 INFO o.a.j.t.JMeterThread: Thread finished: Thread Group 1-78
2023-01-14 17:12:03,815 INFO o.a.j.t.JMeterThread: Thread is done: Thread Group 1-79
2023-01-14 17:12:03,815 INFO o.a.j.t.JMeterThread: Thread finished: Thread Group 1-79
2023-01-14 17:12:03,825 INFO o.a.j.t.JMeterThread: Thread is done: Thread Group 1-67
2023-01-14 17:12:03,825 INFO o.a.j.t.JMeterThread: Thread finished: Thread Group 1-67
2023-01-14 17:12:03,826 INFO o.a.j.t.JMeterThread: Thread is done: Thread Group 1-56
2023-01-14 17:12:03,826 INFO o.a.j.t.JMeterThread: Thread finished: Thread Group 1-56
2023-01-14 17:12:03,864 INFO o.a.j.t.JMeterThread: Thread is done: Thread Group 1-86
2023-01-14 17:12:03,864 INFO o.a.j.t.JMeterThread: Thread finished: Thread Group 1-86
2023-01-14 17:12:04,063 INFO o.a.j.t.JMeterThread: Thread is done: Thread Group 1-70
2023-01-14 17:12:04,064 INFO o.a.j.t.JMeterThread: Thread finished: Thread Group 1-70
2023-01-14 17:12:04,064 INFO o.a.j.t.JMeterThread: Thread is done: Thread Group 1-95
2023-01-14 17:12:04,065 INFO o.a.j.t.JMeterThread: Thread finished: Thread Group 1-95
2023-01-14 17:12:04,085 INFO o.a.j.t.JMeterThread: Thread is done: Thread Group 1-83
2023-01-14 17:12:04,085 INFO o.a.j.t.JMeterThread: Thread finished: Thread Group 1-83
2023-01-14 17:12:04,099 INFO o.a.j.t.JMeterThread: Thread is done: Thread Group 1-87
2023-01-14 17:12:04,099 INFO o.a.j.t.JMeterThread: Thread finished: Thread Group 1-87
2023-01-14 17:12:04,111 INFO o.a.j.t.JMeterThread: Thread is done: Thread Group 1-84
2023-01-14 17:12:04,111 INFO o.a.j.t.JMeterThread: Thread finished: Thread Group 1-84
2023-01-14 17:12:04,325 INFO o.a.j.t.JMeterThread: Thread is done: Thread Group 1-96
2023-01-14 17:12:04,325 INFO o.a.j.t.JMeterThread: Thread finished: Thread Group 1-96
2023-01-14 17:12:04,326 INFO o.a.j.t.JMeterThread: Thread is done: Thread Group 1-69
2023-01-14 17:12:04,326 INFO o.a.j.t.JMeterThread: Thread finished: Thread Group 1-69
2023-01-14 17:12:04,330 INFO o.a.j.t.JMeterThread: Thread is done: Thread Group 1-97
2023-01-14 17:12:04,330 INFO o.a.j.t.JMeterThread: Thread finished: Thread Group 1-97
2023-01-14 17:12:04,336 INFO o.a.j.t.JMeterThread: Thread is done: Thread Group 1-85
2023-01-14 17:12:04,336 INFO o.a.j.t.JMeterThread: Thread finished: Thread Group 1-85
2023-01-14 17:12:04,336 INFO o.a.j.t.JMeterThread: Thread is done: Thread Group 1-88
2023-01-14 17:12:04,336 INFO o.a.j.t.JMeterThread: Thread finished: Thread Group 1-88
2023-01-14 17:12:04,338 INFO o.a.j.t.JMeterThread: Thread is done: Thread Group 1-100
2023-01-14 17:12:04,338 INFO o.a.j.t.JMeterThread: Thread finished: Thread Group 1-100
2023-01-14 17:12:04,348 INFO o.a.j.t.JMeterThread: Thread is done: Thread Group 1-90
2023-01-14 17:12:04,349 INFO o.a.j.t.JMeterThread: Thread finished: Thread Group 1-90
2023-01-14 17:12:04,352 INFO o.a.j.t.JMeterThread: Thread is done: Thread Group 1-91
2023-01-14 17:12:04,352 INFO o.a.j.t.JMeterThread: Thread finished: Thread Group 1-91
2023-01-14 17:12:04,355 INFO o.a.j.t.JMeterThread: Thread is done: Thread Group 1-98
2023-01-14 17:12:04,355 INFO o.a.j.t.JMeterThread: Thread finished: Thread Group 1-98
2023-01-14 17:12:04,355 INFO o.a.j.e.StandardJMeterEngine: Notifying test listeners of end of test
2023-01-14 17:12:04,356 INFO o.a.j.r.Summariser: summary +     78 in 00:00:04 =   18.2/s Avg:  6223 Min:  2194 Max:  7698 Err:     0 (0.00%) Active: 0 Started: 100 Finished: 100
2023-01-14 17:12:04,356 INFO o.a.j.r.Summariser: summary =  10000 in 00:12:14 =   13.6/s Avg:  7002 Min:   330 Max: 11179 Err:     0 (0.00%)
